input: "10: 7112", 10 -> 7112
input: "11: 7208", 11 -> 7208
input: "12: 5112", 12 -> 5112
input: "13: 7234", 13 -> 7234
input: "14: 1112", 14 -> 1112
input: "15: 91FF", 15 -> 91FF
input: "16: 0000", 16 -> 0000

Cpu state:
  Registers:
    [97mPC[97m, [97mR[0][97m, [97mR[1][97m, [97mR[2][97m, [97mR[3][97m, [97mR[4][97m, [97mR[5][97m, [97mR[6][97m, [97mR[7][97m, [97mR[8][97m, [97mR[9][97m, [97mR[A][97m, [97mR[B][97m, [97mR[C][97m, [97mR[D][97m, [97mR[E][97m, [97mR[F][97m
    [97m10[97m, [97m0000[97m, [97m0000[97m, [97m0000[97m, [97m0000[97m, [97m0000[97m, [97m0000[97m, [97m0000[97m, [97m0000[97m, [97m0000[97m, [97m0000[97m, [97m0000[97m, [97m0000[97m, [97m0000[97m, [97m0000[97m, [97m0000[97m, [97m0000[97m

  Memory near PC:
    [97mM[0A][97m, [97mM[0B][97m, [97mM[0C][97m, [97mM[0D][97m, [97mM[0E][97m, [97mM[0F][97m, [33mM[10][97m, [97mM[11][97m, [97mM[12][97m, [97mM[13][97m, [97mM[14][97m, [97mM[15][97m, [97mM[16][97m
     [97m0000[97m,  [97m0000[97m,  [97m0000[97m,  [97m0000[97m,  [97m0000[97m,  [97m0000[97m,  [33m7112[97m,  [97m7208[97m,  [97m5112[97m,  [97m7234[97m,  [97m1112[97m,  [97m91FF[97m,  [97m0000[97m


Cpu state:
  Registers:
    [33mPC[97m, [97mR[0][97m, [31mR[1][97m, [97mR[2][97m, [97mR[3][97m, [97mR[4][97m, [97mR[5][97m, [97mR[6][97m, [97mR[7][97m, [97mR[8][97m, [97mR[9][97m, [97mR[A][97m, [97mR[B][97m, [97mR[C][97m, [97mR[D][97m, [97mR[E][97m, [97mR[F][97m
    [33m11[97m, [97m0000[97m, [31m0012[97m, [97m0000[97m, [97m0000[97m, [97m0000[97m, [97m0000[97m, [97m0000[97m, [97m0000[97m, [97m0000[97m, [97m0000[97m, [97m0000[97m, [97m0000[97m, [97m0000[97m, [97m0000[97m, [97m0000[97m, [97m0000[97m

  Memory near PC:
    [97mM[0B][97m, [97mM[0C][97m, [97mM[0D][97m, [97mM[0E][97m, [97mM[0F][97m, [97mM[10][97m, [33mM[11][97m, [97mM[12][97m, [97mM[13][97m, [97mM[14][97m, [97mM[15][97m, [97mM[16][97m, [97mM[17][97m
     [97m0000[97m,  [97m0000[97m,  [97m0000[97m,  [97m0000[97m,  [97m0000[97m,  [97m7112[97m,  [33m7208[97m,  [97m5112[97m,  [97m7234[97m,  [97m1112[97m,  [97m91FF[97m,  [97m0000[97m,  [97m0000[97m

Cpu state:
  Registers:
    [33mPC[97m, [97mR[0][97m, [97mR[1][97m, [31mR[2][97m, [97mR[3][97m, [97mR[4][97m, [97mR[5][97m, [97mR[6][97m, [97mR[7][97m, [97mR[8][97m, [97mR[9][97m, [97mR[A][97m, [97mR[B][97m, [97mR[C][97m, [97mR[D][97m, [97mR[E][97m, [97mR[F][97m
    [33m12[97m, [97m0000[97m, [97m0012[97m, [31m0008[97m, [97m0000[97m, [97m0000[97m, [97m0000[97m, [97m0000[97m, [97m0000[97m, [97m0000[97m, [97m0000[97m, [97m0000[97m, [97m0000[97m, [97m0000[97m, [97m0000[97m, [97m0000[97m, [97m0000[97m

  Memory near PC:
    [97mM[0C][97m, [97mM[0D][97m, [97mM[0E][97m, [97mM[0F][97m, [97mM[10][97m, [97mM[11][97m, [33mM[12][97m, [97mM[13][97m, [97mM[14][97m, [97mM[15][97m, [97mM[16][97m, [97mM[17][97m, [97mM[18][97m
     [97m0000[97m,  [97m0000[97m,  [97m0000[97m,  [97m0000[97m,  [97m7112[97m,  [97m7208[97m,  [33m5112[97m,  [97m7234[97m,  [97m1112[97m,  [97m91FF[97m,  [97m0000[97m,  [97m0000[97m,  [97m0000[97m

Cpu state:
  Registers:
    [33mPC[97m, [97mR[0][97m, [31mR[1][97m, [94mR[2][97m, [97mR[3][97m, [97mR[4][97m, [97mR[5][97m, [97mR[6][97m, [97mR[7][97m, [97mR[8][97m, [97mR[9][97m, [97mR[A][97m, [97mR[B][97m, [97mR[C][97m, [97mR[D][97m, [97mR[E][97m, [97mR[F][97m
    [33m13[97m, [97m0000[97m, [31m1200[97m, [94m0008[97m, [97m0000[97m, [97m0000[97m, [97m0000[97m, [97m0000[97m, [97m0000[97m, [97m0000[97m, [97m0000[97m, [97m0000[97m, [97m0000[97m, [97m0000[97m, [97m0000[97m, [97m0000[97m, [97m0000[97m

  Memory near PC:
    [97mM[0D][97m, [97mM[0E][97m, [97mM[0F][97m, [97mM[10][97m, [97mM[11][97m, [97mM[12][97m, [33mM[13][97m, [97mM[14][97m, [97mM[15][97m, [97mM[16][97m, [97mM[17][97m, [97mM[18][97m, [97mM[19][97m
     [97m0000[97m,  [97m0000[97m,  [97m0000[97m,  [97m7112[97m,  [97m7208[97m,  [97m5112[97m,  [33m7234[97m,  [97m1112[97m,  [97m91FF[97m,  [97m0000[97m,  [97m0000[97m,  [97m0000[97m,  [97m0000[97m

Cpu state:
  Registers:
    [33mPC[97m, [97mR[0][97m, [97mR[1][97m, [31mR[2][97m, [97mR[3][97m, [97mR[4][97m, [97mR[5][97m, [97mR[6][97m, [97mR[7][97m, [97mR[8][97m, [97mR[9][97m, [97mR[A][97m, [97mR[B][97m, [97mR[C][97m, [97mR[D][97m, [97mR[E][97m, [97mR[F][97m
    [33m14[97m, [97m0000[97m, [97m1200[97m, [31m0034[97m, [97m0000[97m, [97m0000[97m, [97m0000[97m, [97m0000[97m, [97m0000[97m, [97m0000[97m, [97m0000[97m, [97m0000[97m, [97m0000[97m, [97m0000[97m, [97m0000[97m, [97m0000[97m, [97m0000[97m

  Memory near PC:
    [97mM[0E][97m, [97mM[0F][97m, [97mM[10][97m, [97mM[11][97m, [97mM[12][97m, [97mM[13][97m, [33mM[14][97m, [97mM[15][97m, [97mM[16][97m, [97mM[17][97m, [97mM[18][97m, [97mM[19][97m, [97mM[1A][97m
     [97m0000[97m,  [97m0000[97m,  [97m7112[97m,  [97m7208[97m,  [97m5112[97m,  [97m7234[97m,  [33m1112[97m,  [97m91FF[97m,  [97m0000[97m,  [97m0000[97m,  [97m0000[97m,  [97m0000[97m,  [97m0000[97m

Cpu state:
  Registers:
    [33mPC[97m, [97mR[0][97m, [31mR[1][97m, [94mR[2][97m, [97mR[3][97m, [97mR[4][97m, [97mR[5][97m, [97mR[6][97m, [97mR[7][97m, [97mR[8][97m, [97mR[9][97m, [97mR[A][97m, [97mR[B][97m, [97mR[C][97m, [97mR[D][97m, [97mR[E][97m, [97mR[F][97m
    [33m15[97m, [97m0000[97m, [31m1234[97m, [94m0034[97m, [97m0000[97m, [97m0000[97m, [97m0000[97m, [97m0000[97m, [97m0000[97m, [97m0000[97m, [97m0000[97m, [97m0000[97m, [97m0000[97m, [97m0000[97m, [97m0000[97m, [97m0000[97m, [97m0000[97m

  Memory near PC:
    [97mM[0F][97m, [97mM[10][97m, [97mM[11][97m, [97mM[12][97m, [97mM[13][97m, [97mM[14][97m, [33mM[15][97m, [97mM[16][97m, [97mM[17][97m, [97mM[18][97m, [97mM[19][97m, [97mM[1A][97m, [97mM[1B][97m
     [97m0000[97m,  [97m7112[97m,  [97m7208[97m,  [97m5112[97m,  [97m7234[97m,  [97m1112[97m,  [33m91FF[97m,  [97m0000[97m,  [97m0000[97m,  [97m0000[97m,  [97m0000[97m,  [97m0000[97m,  [97m0000[97m

output: 1234(4660)

Cpu state:
  Registers:
    [33mPC[97m, [97mR[0][97m, [34mR[1][97m, [97mR[2][97m, [97mR[3][97m, [97mR[4][97m, [97mR[5][97m, [97mR[6][97m, [97mR[7][97m, [97mR[8][97m, [97mR[9][97m, [97mR[A][97m, [97mR[B][97m, [97mR[C][97m, [97mR[D][97m, [97mR[E][97m, [97mR[F][97m
    [33m16[97m, [97m0000[97m, [34m1234[97m, [97m0034[97m, [97m0000[97m, [97m0000[97m, [97m0000[97m, [97m0000[97m, [97m0000[97m, [97m0000[97m, [97m0000[97m, [97m0000[97m, [97m0000[97m, [97m0000[97m, [97m0000[97m, [97m0000[97m, [97m0000[97m

  Memory near PC:
    [97mM[10][97m, [97mM[11][97m, [97mM[12][97m, [97mM[13][97m, [97mM[14][97m, [97mM[15][97m, [33mM[16][97m, [97mM[17][97m, [97mM[18][97m, [97mM[19][97m, [97mM[1A][97m, [97mM[1B][97m, [97mM[1C][97m
     [97m7112[97m,  [97m7208[97m,  [97m5112[97m,  [97m7234[97m,  [97m1112[97m,  [97m91FF[97m,  [33m0000[97m,  [97m0000[97m,  [97m0000[97m,  [97m0000[97m,  [97m0000[97m,  [97m0000[97m,  [97m0000[97m

[31mCpu has halted[97m
